10:35:25.813 [main] DEBUG generalStore.ECommerceTest_02 - sumOfcartProducts Started
10:35:36.590 [main] DEBUG org.apache.poi.openxml4j.opc.PackageRelationshipCollection - Parsing relationship: /xl/_rels/workbook.xml.rels
10:35:36.590 [main] DEBUG org.apache.poi.openxml4j.opc.PackageRelationshipCollection - Parsing relationship: /xl/worksheets/_rels/sheet1.xml.rels
10:35:36.591 [main] DEBUG org.apache.poi.openxml4j.opc.PackageRelationshipCollection - Parsing relationship: /_rels/.rels
10:35:36.598 [main] DEBUG org.apache.poi.ooxml.POIXMLFactory - using default POIXMLDocumentPart for http://schemas.openxmlformats.org/officeDocument/2006/relationships/printerSettings
10:36:00.497 [main] DEBUG org.apache.poi.openxml4j.opc.PackageRelationshipCollection - Parsing relationship: /xl/_rels/workbook.xml.rels
10:36:00.498 [main] DEBUG org.apache.poi.openxml4j.opc.PackageRelationshipCollection - Parsing relationship: /xl/worksheets/_rels/sheet1.xml.rels
10:36:00.499 [main] DEBUG org.apache.poi.openxml4j.opc.PackageRelationshipCollection - Parsing relationship: /xl/worksheets/_rels/sheet2.xml.rels
10:36:00.500 [main] DEBUG org.apache.poi.openxml4j.opc.PackageRelationshipCollection - Parsing relationship: /_rels/.rels
10:36:00.509 [main] DEBUG org.apache.poi.ooxml.POIXMLFactory - using default POIXMLDocumentPart for http://schemas.openxmlformats.org/officeDocument/2006/relationships/printerSettings
10:36:00.509 [main] DEBUG org.apache.poi.ooxml.POIXMLFactory - using default POIXMLDocumentPart for http://schemas.openxmlformats.org/officeDocument/2006/relationships/printerSettings
10:36:00.549 [main] DEBUG org.apache.poi.openxml4j.opc.ZipPackage - Save content types part
10:36:00.551 [main] DEBUG org.apache.poi.openxml4j.opc.ZipPackage - Save package relationships
10:36:00.553 [main] DEBUG org.apache.poi.openxml4j.opc.ZipPackage - Save part 'docProps/app.xml'
10:36:00.553 [main] DEBUG org.apache.poi.openxml4j.opc.ZipPackage - Save part 'docProps/core.xml'
10:36:00.556 [main] DEBUG org.apache.poi.openxml4j.opc.ZipPackage - Save part 'docProps/custom.xml'
10:36:00.557 [main] DEBUG org.apache.poi.openxml4j.opc.ZipPackage - Save part 'xl/printerSettings/printerSettings1.bin'
10:36:00.557 [main] DEBUG org.apache.poi.openxml4j.opc.ZipPackage - Save part 'xl/printerSettings/printerSettings2.bin'
10:36:00.558 [main] DEBUG org.apache.poi.openxml4j.opc.ZipPackage - Save part 'xl/sharedStrings.xml'
10:36:00.558 [main] DEBUG org.apache.poi.openxml4j.opc.ZipPackage - Save part 'xl/styles.xml'
10:36:00.559 [main] DEBUG org.apache.poi.openxml4j.opc.ZipPackage - Save part 'xl/theme/theme1.xml'
10:36:00.559 [main] DEBUG org.apache.poi.openxml4j.opc.ZipPackage - Save part 'xl/workbook.xml'
10:36:00.561 [main] DEBUG org.apache.poi.openxml4j.opc.ZipPackage - Save part 'xl/worksheets/sheet1.xml'
10:36:00.563 [main] DEBUG org.apache.poi.openxml4j.opc.ZipPackage - Save part 'xl/worksheets/sheet2.xml'
10:36:01.507 [main] WARN  generalStore.ECommerceTest_02 - sumOfcartProducts failed --org.openqa.selenium.NoSuchElementException: Can't locate an element by this strategy: By.chained({AppiumBy.id: android:id/button1})
10:51:00.748 [main] WARN  generalStore.ECommerceTest_02 - sumOfcartProducts failed --org.openqa.selenium.NoSuchElementException: Can't locate an element by this strategy: By.chained({AppiumBy.id: com.androidsample.generalstore:id/totalAmountLbl})
